Start testing: Jun 18 18:41 MSK
----------------------------------------------------------
1/1 Testing: test_sound_processor
1/1 Test: test_sound_processor
Command: "/Users/plotnikovmatvej/cpp_project/build/test_sound_processor"
Directory: /Users/plotnikovmatvej/cpp_project/build
"test_sound_processor" start time: Jun 18 18:41 MSK
Output:
----------------------------------------------------------
Randomness seeded to: 1698096025
Usage: sound_processor [-i <input.wav>] [-o <output.wav>] [-f <filter> [args...]] ...

Transforming filters:
  ampl        <factor>                         multiply every sample by factor (factor >= 0)
  normalize   [peak]                           scale so max sample = peak*32767 (default peak=1)
  silence     <sec|ms> <start> <end>           insert silence in [start, end]
  timestretch <factor>                         stretch/compress signal (factor > 0)
  lowpass     <window_size>                    smooth with moving average (odd window)
  highpass    <window_size>                    remove low frequencies (odd window)
  bandpass    <low_window> <high_window>       keep middle frequencies (odd windows)
  reject      <low_window> <high_window>       remove middle frequencies (odd windows)
  notch       <low_window> <high_window>       alias for reject
  mute        <start_sec> <end_sec>            zero out samples in [start, end]
  mix         <file.wav> <start_sec>           overlay another wav at start_sec

Generator filters (ignore input signal):
  generator sin <freq_hz> <dur_ms>                               sine wave
  generator am  <amp> <carrier_hz> <mod_hz> <depth> <dur_ms>    AM signal
  generator fm  <amp> <carrier_hz> <mod_hz> <dev_hz> <dur_ms>   FM signal
Error: invalid arguments. Run without arguments for usage.
Writing: /var/folders/ql/l1md2qrs76n_lk52b3cc32sr0000gn/T/sound_processor_app_generator.wav
Done.
Reading: /var/folders/ql/l1md2qrs76n_lk52b3cc32sr0000gn/T/sound_processor_app_input.wav
Writing: /var/folders/ql/l1md2qrs76n_lk52b3cc32sr0000gn/T/sound_processor_app_output.wav
Done.
===============================================================================
All tests passed (87 assertions in 22 test cases)

<end of output>
Test time =   0.41 sec
----------------------------------------------------------
Test Passed.
"test_sound_processor" end time: Jun 18 18:41 MSK
"test_sound_processor" time elapsed: 00:00:00
----------------------------------------------------------

End testing: Jun 18 18:41 MSK
